1479775600192	geckodriver	INFO	Listening on 127.0.0.1:56890
1479775601199	mozprofile::profile	INFO	Using profile path /var/folders/lp/15hhc495123c83kc1cdnmclh0000gn/T/rust_mozprofile.ikZ2s3TeHxYE
1479775601201	geckodriver::marionette	INFO	Starting browser /Applications/Firefox.app/Contents/MacOS/firefox-bin
1479775601260	geckodriver::marionette	INFO	Connecting to Marionette on localhost:56899
[warn] kq_init: detected broken kqueue; not using.: Undefined error: 0
1479775603117	Marionette	INFO	Listening on port 56899
JavaScript warning: http://oldnavy.gap.com/static_content/vendor/vendor-d35290fb9b.js, line 1: mutating the [[Prototype]] of an object will cause your code to run very slowly; instead create the object with the correct initial [[Prototype]] value using Object.create
JavaScript error: http://oldnavy.gap.com/static_content/vendor/vendor-d35290fb9b.js, line 6: TypeError: $mjs(...) is null
JavaScript warning: https://normandy.cdn.mozilla.net/static/bundles/selfrepair-9e26e649d827af164113.a0bc6be53ed8.js, line 7: mutating the [[Prototype]] of an object will cause your code to run very slowly; instead create the object with the correct initial [[Prototype]] value using Object.create
JavaScript warning: https://d3v27wwd40f0xu.cloudfront.net/js/tracking/sidecar_oldnavy.js, line 1: mutating the [[Prototype]] of an object will cause your code to run very slowly; instead create the object with the correct initial [[Prototype]] value using Object.create
JavaScript warning: http://mathid.mathtag.com/d/i.js, line 1: unreachable code after return statement
1479775669666	geckodriver	INFO	Listening on 127.0.0.1:57297
1479775670664	mozprofile::profile	INFO	Using profile path /var/folders/lp/15hhc495123c83kc1cdnmclh0000gn/T/rust_mozprofile.CzMa8oF3S4z8
1479775670671	geckodriver::marionette	INFO	Starting browser /Applications/Firefox.app/Contents/MacOS/firefox-bin
1479775670676	geckodriver::marionette	INFO	Connecting to Marionette on localhost:57303
[warn] kq_init: detected broken kqueue; not using.: Undefined error: 0
1479775671698	Marionette	INFO	Listening on port 57303
JavaScript warning: http://oldnavy.gap.com/static_content/vendor/vendor-d35290fb9b.js, line 1: mutating the [[Prototype]] of an object will cause your code to run very slowly; instead create the object with the correct initial [[Prototype]] value using Object.create
JavaScript error: http://oldnavy.gap.com/static_content/vendor/vendor-d35290fb9b.js, line 6: TypeError: $mjs(...) is null
JavaScript warning: https://normandy.cdn.mozilla.net/static/bundles/selfrepair-9e26e649d827af164113.a0bc6be53ed8.js, line 7: mutating the [[Prototype]] of an object will cause your code to run very slowly; instead create the object with the correct initial [[Prototype]] value using Object.create
JavaScript warning: https://d3v27wwd40f0xu.cloudfront.net/js/tracking/sidecar_oldnavy.js, line 1: mutating the [[Prototype]] of an object will cause your code to run very slowly; instead create the object with the correct initial [[Prototype]] value using Object.create
JavaScript warning: http://mathid.mathtag.com/d/i.js, line 1: unreachable code after return statement
1479775710835	geckodriver	INFO	Listening on 127.0.0.1:57695
1479775711829	mozprofile::profile	INFO	Using profile path /var/folders/lp/15hhc495123c83kc1cdnmclh0000gn/T/rust_mozprofile.a6RNAbE27qcO
1479775711837	geckodriver::marionette	INFO	Starting browser /Applications/Firefox.app/Contents/MacOS/firefox-bin
1479775711853	geckodriver::marionette	INFO	Connecting to Marionette on localhost:57701
[warn] kq_init: detected broken kqueue; not using.: Undefined error: 0
1479775712850	Marionette	INFO	Listening on port 57701
JavaScript warning: http://oldnavy.gap.com/static_content/vendor/vendor-d35290fb9b.js, line 1: mutating the [[Prototype]] of an object will cause your code to run very slowly; instead create the object with the correct initial [[Prototype]] value using Object.create
JavaScript error: http://oldnavy.gap.com/static_content/vendor/vendor-d35290fb9b.js, line 6: TypeError: $mjs(...) is null
JavaScript warning: https://d3v27wwd40f0xu.cloudfront.net/js/tracking/sidecar_oldnavy.js, line 1: mutating the [[Prototype]] of an object will cause your code to run very slowly; instead create the object with the correct initial [[Prototype]] value using Object.create
JavaScript warning: https://normandy.cdn.mozilla.net/static/bundles/selfrepair-9e26e649d827af164113.a0bc6be53ed8.js, line 7: mutating the [[Prototype]] of an object will cause your code to run very slowly; instead create the object with the correct initial [[Prototype]] value using Object.create
1479775802989	geckodriver	INFO	Listening on 127.0.0.1:58040
1479775803995	mozprofile::profile	INFO	Using profile path /var/folders/lp/15hhc495123c83kc1cdnmclh0000gn/T/rust_mozprofile.UbpVmxNbOWKq
1479775803997	geckodriver::marionette	INFO	Starting browser /Applications/Firefox.app/Contents/MacOS/firefox-bin
1479775804012	geckodriver::marionette	INFO	Connecting to Marionette on localhost:58046
[warn] kq_init: detected broken kqueue; not using.: Undefined error: 0
1479775804808	Marionette	INFO	Listening on port 58046
JavaScript warning: http://oldnavy.gap.com/static_content/vendor/vendor-d35290fb9b.js, line 1: mutating the [[Prototype]] of an object will cause your code to run very slowly; instead create the object with the correct initial [[Prototype]] value using Object.create
JavaScript error: http://oldnavy.gap.com/static_content/vendor/vendor-d35290fb9b.js, line 6: TypeError: $mjs(...) is null
JavaScript warning: https://normandy.cdn.mozilla.net/static/bundles/selfrepair-9e26e649d827af164113.a0bc6be53ed8.js, line 7: mutating the [[Prototype]] of an object will cause your code to run very slowly; instead create the object with the correct initial [[Prototype]] value using Object.create
JavaScript warning: https://d3v27wwd40f0xu.cloudfront.net/js/tracking/sidecar_oldnavy.js, line 1: mutating the [[Prototype]] of an object will cause your code to run very slowly; instead create the object with the correct initial [[Prototype]] value using Object.create
JavaScript warning: http://mathid.mathtag.com/d/i.js, line 1: unreachable code after return statement
1479775860179	geckodriver	INFO	Listening on 127.0.0.1:58385
1479775861178	mozprofile::profile	INFO	Using profile path /var/folders/lp/15hhc495123c83kc1cdnmclh0000gn/T/rust_mozprofile.bhYnutZYZMWy
1479775861180	geckodriver::marionette	INFO	Starting browser /Applications/Firefox.app/Contents/MacOS/firefox-bin
1479775861192	geckodriver::marionette	INFO	Connecting to Marionette on localhost:58393
[warn] kq_init: detected broken kqueue; not using.: Undefined error: 0
1479775861881	Marionette	INFO	Listening on port 58393
JavaScript warning: http://oldnavy.gap.com/static_content/vendor/vendor-d35290fb9b.js, line 1: mutating the [[Prototype]] of an object will cause your code to run very slowly; instead create the object with the correct initial [[Prototype]] value using Object.create
JavaScript error: http://oldnavy.gap.com/static_content/vendor/vendor-d35290fb9b.js, line 6: TypeError: $mjs(...) is null
JavaScript warning: https://d3v27wwd40f0xu.cloudfront.net/js/tracking/sidecar_oldnavy.js, line 1: mutating the [[Prototype]] of an object will cause your code to run very slowly; instead create the object with the correct initial [[Prototype]] value using Object.create
JavaScript warning: https://normandy.cdn.mozilla.net/static/bundles/selfrepair-9e26e649d827af164113.a0bc6be53ed8.js, line 7: mutating the [[Prototype]] of an object will cause your code to run very slowly; instead create the object with the correct initial [[Prototype]] value using Object.create
JavaScript warning: http://mathid.mathtag.com/d/i.js, line 1: unreachable code after return statement
1479775968283	geckodriver	INFO	Listening on 127.0.0.1:58726
1479775969286	mozprofile::profile	INFO	Using profile path /var/folders/lp/15hhc495123c83kc1cdnmclh0000gn/T/rust_mozprofile.FfZy4VzyKa6M
1479775969288	geckodriver::marionette	INFO	Starting browser /Applications/Firefox.app/Contents/MacOS/firefox-bin
1479775969302	geckodriver::marionette	INFO	Connecting to Marionette on localhost:58732
[warn] kq_init: detected broken kqueue; not using.: Undefined error: 0
1479775970288	Marionette	INFO	Listening on port 58732
JavaScript warning: http://oldnavy.gap.com/static_content/vendor/vendor-d35290fb9b.js, line 1: mutating the [[Prototype]] of an object will cause your code to run very slowly; instead create the object with the correct initial [[Prototype]] value using Object.create
JavaScript error: http://oldnavy.gap.com/static_content/vendor/vendor-d35290fb9b.js, line 6: TypeError: $mjs(...) is null
JavaScript warning: https://normandy.cdn.mozilla.net/static/bundles/selfrepair-9e26e649d827af164113.a0bc6be53ed8.js, line 7: mutating the [[Prototype]] of an object will cause your code to run very slowly; instead create the object with the correct initial [[Prototype]] value using Object.create
JavaScript warning: https://d3v27wwd40f0xu.cloudfront.net/js/tracking/sidecar_oldnavy.js, line 1: mutating the [[Prototype]] of an object will cause your code to run very slowly; instead create the object with the correct initial [[Prototype]] value using Object.create
